Seeting up new card:
in /boot/
create new file "ssh"
create new file "wpa_supplicant.conf"
  With contents:


ctrl_interface=DIR=/var/run/wpa_supplicant GROUP=netdev
update_config=1
country=CA

network={
 ssid="<Name of your wireless LAN>"
 psk="<Password for your wireless LAN>"
}

sudo su
sed -i /s// /etc/ssh/ssh

Dependencies:
bc
imagemagick
gnuplot
evtest
git

apt update -y
apt upgrade -y
apt install bc imagemagick gnuplot evtest git

git clone https://github.com/waveshare/IT8951.git

wget http://www.airspayce.com/mikem/bcm2835/bcm2835-1.60.tar.gz
tar zxvf bcm2835-1.60.tar.gz 
cd bcm2835-1.60/

apt install qrencode hostapd dnsmasq
sudo ./configure
sudo make
sudo make check
sudo make install

sudo apt-get install wiringpi
wget https://project-downloads.drogon.net/wiringpi-latest.deb
sudo dpkg -i wiringpi-latest.deb
gpio -v

apt update -y
apt install python-numpy python-pil python-pip
pip install RPi.GPIO
pip install spidev
